<?xml version="1.0" encoding="UTF-8"?>
<!-- Generated by org.testng.reporters.JUnitXMLReporter -->
<testsuite ignored="0" hostname="Ganesh" failures="1" tests="1" name="Default test" time="32.781" errors="0" timestamp="2025-02-09T12:06:06 IST">
  <testcase classname="_01_Login.TC001_Verify_FB_Login" name="verifyEditRoleOnAssigneeListPage" time="16.36">
    <failure type="org.openqa.selenium.TimeoutException" message="Expected condition failed: waiting for url to be &amp;quot;https://www.facebook.com/?sk=welcome&amp;quot;. Current url: &amp;quot;https://www.facebook.com/two_step_verification/authentication/?encrypted_context=AWNZR3TSUxZb0vkI6JzCQq2rki3s1MelWCqPUNz6bjdA_LbotKmyqC0hoXdLcAlaVmL6VGIkONQowvlS_4y0dGUk05uaEe_adN8Aaikbwp20PTVhcW2arBLc6Akr2_V-BOGojFrKTb2eybep8nI01yAI0A-bNoX8qxtvPZTX7VF04YO6MA-MSOuwjmlws45Kx4qf-mSffaoadjNqYiAN6LeojO0ZrqDYW3hUq-kFgUc-nObIAcPBfV4DGZVAAi6E3PDH9qHhOqqCpRXsQviWCdQJKfdZLMvUeum2xDOKsOGCnJWjSqL-bNKgDze65fTXKSPRt1bWNwW3Q2OpYO6sPrFJye0wMGs_oGY7IdMaslE0_aTx5wxE9QoB68OUj1qsTeyhmkhhBnA2-F3clE3lWRuPheMEs4qNkiK9RTP1dR_tQuQw6aGvFDvoo83ByFuTIncBE_a2_B6yHSvDxIagmXQIZJCmDMWP_t-6gPFnAi5E3YjKTd9wjO8YCf8NlFfLptta9BuVsDyp1RXoPiY5LXZg5MD65Cye73QmIP_4AK_Kp1z6B97DRDi00qi69d1E5EMrpl0kDeWxl_mqsYoKzcpDF3uMiubsW0qABLBcQVzgB6aVYaY4CcLwI-ATHy4FBjVSTA5FGWv0CdmzS14acj7BovlB2koAmRsCkASnB4uVvSRO29dJL62A1kqM_qwllax7mLAkH2dHQVpDrt55uQbI_Ak&amp;amp;flow=pre_authentication&amp;amp;next&amp;quot; (tried for 15 second(s) with 500 milliseconds interval)
Build info: version: &amp;apos;3.141.59&amp;apos;, revision: &amp;apos;e82be7d358&amp;apos;, time: &amp;apos;2018-11-14T08:17:03&amp;apos;
System info: host: &amp;apos;GANESH&amp;apos;, ip: &amp;apos;192.168.0.103&amp;apos;, os.name: &amp;apos;Windows 11&amp;apos;, os.arch: &amp;apos;amd64&amp;apos;, os.version: &amp;apos;10.0&amp;apos;, java.version: &amp;apos;21.0.6&amp;apos;
Driver info: org.openqa.selenium.chrome.ChromeDriver
Capabilities {acceptInsecureCerts: false, browserName: chrome, browserVersion: 132.0.6834.111, chrome: {chromedriverVersion: 132.0.6834.159 (2d77d3fc445..., userDataDir: C:\Users\ganes\AppData\Loca...}, fedcm:accounts: true, goog:chromeOptions: {debuggerAddress: localhost:56195}, javascriptEnabled: true, networkConnectionEnabled: false, pageLoadStrategy: normal, platform: WINDOWS, platformName: WINDOWS, proxy: Proxy(), setWindowRect: true, strictFileInteractability: false, timeouts: {implicit: 0, pageLoad: 300000, script: 30000}, unhandledPromptBehavior: dismiss and notify, webauthn:extension:credBlob: true, webauthn:extension:largeBlob: true, webauthn:extension:minPinLength: true, webauthn:extension:prf: true, webauthn:virtualAuthenticators: true}
Session ID: be89b57ff7bde8b807cca8fd0d878538">
      <![CDATA[org.openqa.selenium.TimeoutException: Expected condition failed: waiting for url to be "https://www.facebook.com/?sk=welcome". Current url: "https://www.facebook.com/two_step_verification/authentication/?encrypted_context=AWNZR3TSUxZb0vkI6JzCQq2rki3s1MelWCqPUNz6bjdA_LbotKmyqC0hoXdLcAlaVmL6VGIkONQowvlS_4y0dGUk05uaEe_adN8Aaikbwp20PTVhcW2arBLc6Akr2_V-BOGojFrKTb2eybep8nI01yAI0A-bNoX8qxtvPZTX7VF04YO6MA-MSOuwjmlws45Kx4qf-mSffaoadjNqYiAN6LeojO0ZrqDYW3hUq-kFgUc-nObIAcPBfV4DGZVAAi6E3PDH9qHhOqqCpRXsQviWCdQJKfdZLMvUeum2xDOKsOGCnJWjSqL-bNKgDze65fTXKSPRt1bWNwW3Q2OpYO6sPrFJye0wMGs_oGY7IdMaslE0_aTx5wxE9QoB68OUj1qsTeyhmkhhBnA2-F3clE3lWRuPheMEs4qNkiK9RTP1dR_tQuQw6aGvFDvoo83ByFuTIncBE_a2_B6yHSvDxIagmXQIZJCmDMWP_t-6gPFnAi5E3YjKTd9wjO8YCf8NlFfLptta9BuVsDyp1RXoPiY5LXZg5MD65Cye73QmIP_4AK_Kp1z6B97DRDi00qi69d1E5EMrpl0kDeWxl_mqsYoKzcpDF3uMiubsW0qABLBcQVzgB6aVYaY4CcLwI-ATHy4FBjVSTA5FGWv0CdmzS14acj7BovlB2koAmRsCkASnB4uVvSRO29dJL62A1kqM_qwllax7mLAkH2dHQVpDrt55uQbI_Ak&flow=pre_authentication&next" (tried for 15 second(s) with 500 milliseconds interval)
Build info: version: '3.141.59', revision: 'e82be7d358', time: '2018-11-14T08:17:03'
System info: host: 'GANESH', ip: '192.168.0.103', os.name: 'Windows 11', os.arch: 'amd64', os.version: '10.0', java.version: '21.0.6'
Driver info: org.openqa.selenium.chrome.ChromeDriver
Capabilities {acceptInsecureCerts: false, browserName: chrome, browserVersion: 132.0.6834.111, chrome: {chromedriverVersion: 132.0.6834.159 (2d77d3fc445..., userDataDir: C:\Users\ganes\AppData\Loca...}, fedcm:accounts: true, goog:chromeOptions: {debuggerAddress: localhost:56195}, javascriptEnabled: true, networkConnectionEnabled: false, pageLoadStrategy: normal, platform: WINDOWS, platformName: WINDOWS, proxy: Proxy(), setWindowRect: true, strictFileInteractability: false, timeouts: {implicit: 0, pageLoad: 300000, script: 30000}, unhandledPromptBehavior: dismiss and notify, webauthn:extension:credBlob: true, webauthn:extension:largeBlob: true, webauthn:extension:minPinLength: true, webauthn:extension:prf: true, webauthn:virtualAuthenticators: true}
Session ID: be89b57ff7bde8b807cca8fd0d878538
at org.openqa.selenium.support.ui.WebDriverWait.timeoutException(WebDriverWait.java:95)
at org.openqa.selenium.support.ui.FluentWait.until(FluentWait.java:272)
at _01_Login.TC001_Verify_FB_Login.verifyEditRoleOnAssigneeListPage(TC001_Verify_FB_Login.java:54)
at java.base/jdk.internal.reflect.DirectMethodHandleAccessor.invoke(DirectMethodHandleAccessor.java:103)
at java.base/java.lang.reflect.Method.invoke(Method.java:580)
at org.testng.internal.MethodInvocationHelper.invokeMethod(MethodInvocationHelper.java:133)
at org.testng.internal.TestInvoker.invokeMethod(TestInvoker.java:598)
at org.testng.internal.TestInvoker.invokeTestMethod(TestInvoker.java:173)
at org.testng.internal.MethodRunner.runInSequence(MethodRunner.java:46)
at org.testng.internal.TestInvoker$MethodInvocationAgent.invoke(TestInvoker.java:824)
at org.testng.internal.TestInvoker.invokeTestMethods(TestInvoker.java:146)
at org.testng.internal.TestMethodWorker.invokeTestMethods(TestMethodWorker.java:146)
at org.testng.internal.TestMethodWorker.run(TestMethodWorker.java:128)
at java.base/java.util.ArrayList.forEach(ArrayList.java:1596)
at org.testng.TestRunner.privateRun(TestRunner.java:794)
at org.testng.TestRunner.run(TestRunner.java:596)
at org.testng.SuiteRunner.runTest(SuiteRunner.java:377)
at org.testng.SuiteRunner.runSequentially(SuiteRunner.java:371)
at org.testng.SuiteRunner.privateRun(SuiteRunner.java:332)
at org.testng.SuiteRunner.run(SuiteRunner.java:276)
at org.testng.SuiteRunnerWorker.runSuite(SuiteRunnerWorker.java:53)
at org.testng.SuiteRunnerWorker.run(SuiteRunnerWorker.java:96)
at org.testng.TestNG.runSuitesSequentially(TestNG.java:1212)
at org.testng.TestNG.runSuitesLocally(TestNG.java:1134)
at org.testng.TestNG.runSuites(TestNG.java:1063)
at org.testng.TestNG.run(TestNG.java:1031)
at org.testng.remote.AbstractRemoteTestNG.run(AbstractRemoteTestNG.java:115)
at org.testng.remote.RemoteTestNG.initAndRun(RemoteTestNG.java:293)
at org.testng.remote.RemoteTestNG.main(RemoteTestNG.java:91)
]]>
    </failure>
  </testcase> <!-- verifyEditRoleOnAssigneeListPage -->
</testsuite> <!-- Default test -->
