<html>
<head>
<title>TestNG:  Test</title>
<link href="../testng.css" rel="stylesheet" type="text/css" />
<link href="../my-testng.css" rel="stylesheet" type="text/css" />

<style type="text/css">
.log { display: none;} 
.stack-trace { display: none;} 
</style>
<script type="text/javascript">
<!--
function flip(e) {
  current = e.style.display;
  if (current == 'block') {
    e.style.display = 'none';
    return 0;
  }
  else {
    e.style.display = 'block';
    return 1;
  }
}

function toggleBox(szDivId, elem, msg1, msg2)
{
  var res = -1;  if (document.getElementById) {
    res = flip(document.getElementById(szDivId));
  }
  else if (document.all) {
    // this is the way old msie versions work
    res = flip(document.all[szDivId]);
  }
  if(elem) {
    if(res == 0) elem.innerHTML = msg1; else elem.innerHTML = msg2;
  }

}

function toggleAllBoxes() {
  if (document.getElementsByTagName) {
    d = document.getElementsByTagName('div');
    for (i = 0; i < d.length; i++) {
      if (d[i].className == 'log') {
        flip(d[i]);
      }
    }
  }
}

// -->
</script>

</head>
<body>
<h2 align='center'>Test</h2><table border='1' align="center">
<tr>
<td>Tests passed/Failed/Skipped:</td><td>0/1/0</td>
</tr><tr>
<td>Started on:</td><td>Sun Feb 09 00:27:14 IST 2025</td>
</tr>
<tr><td>Total time:</td><td>31 seconds (31312 ms)</td>
</tr><tr>
<td>Included groups:</td><td></td>
</tr><tr>
<td>Excluded groups:</td><td></td>
</tr>
</table><p/>
<small><i>(Hover the method name to see the test class name)</i></small><p/>
<table width='100%' border='1' class='invocation-failed'>
<tr><td colspan='4' align='center'><b>FAILED TESTS</b></td></tr>
<tr><td><b>Test method</b></td>
<td><b>Attribute(s)</b></td>
<td width="30%"><b>Exception</b></td>
<td width="10%"><b>Time (seconds)</b></td>
<td><b>Instance</b></td>
</tr>
<tr>
<td title='_01_Login.TC001_Verify_FB_Login.verifyEditRoleOnAssigneeListPage()'><b>verifyEditRoleOnAssigneeListPage</b><br>Test class: _01_Login.TC001_Verify_FB_Login</td>
<td><div><pre>org.openqa.selenium.TimeoutException: Expected condition failed: waiting for url to be &quot;https://www.facebook.com/?sk=welcome&quot;. Current url: &quot;https://www.facebook.com/two_step_verification/authentication/?encrypted_context=AWMHzq0Kxvmbd4NWqWowQvpDd_ycXno7rkkcb2vK3NwksgZi8Ry-NM9AwG4RiJ1F-VKXpQHrUG4S05bZrSlT1ozADf_ci-6KnUh7r0XGslaYOsjDKZHaLerM8Df0p0ff7ePN5PmqFS05WQnvUreRRlZ9GVlqm-a2sfMFwp4y74RQ9cJIqtGmXrFFkA2YjkcelQWBZ0clMWRPIugRiHilNDg6sTWejwMl-KudnvowE-pNQenJ-qDxc26hfUCsVKHnKXnm07oimHvAVL2QcKkcmf3KcQ0REPND32Iu062K3xUfgIp1NWMJ3c-LRqD_VJhxPq86YROI10498t6xyOwmky_MBdJdY3b1Zilibsn2aGEGOAd7zmzoiP9lI_sgRkqYLuqQEaUdxhEXEO9Cyp_OuK8yX8kqsBQuMtfM-mjZTyiqsydU8rYnswJmnDqXwxuT77uf18-UO7nqC2QKGFDtEay8QAyp5rw6sj4mdu-K1Qc_E6vQnVlJPjnhEse0Wnj4IJtAZzsJ8P737JvHqiTB7AEaDsjsQ7N_vtPQZrQqdljZ9_EkiDTY7tfBsOHRTrPGEaiDv28kuhlj6aEDlrM4gDBLC7nKN78sAC1ASZw2YNSSQiIdezszjaF4BmLCQtfscvhLHMYlS0OY-rSkc1exAwfGECpmkWOHukpVuOOziHibrwzkeu2NFbLBhLW2Hm9sm2VbnwphSCKoeJi--3G5xt38Sg&amp;flow=pre_authentication&amp;next&quot; (tried for 15 second(s) with 500 milliseconds interval)
Build info: version: &apos;3.141.59&apos;, revision: &apos;e82be7d358&apos;, time: &apos;2018-11-14T08:17:03&apos;
System info: host: &apos;DESKTOP-FHH7LA1&apos;, ip: &apos;192.168.1.9&apos;, os.name: &apos;Windows 10&apos;, os.arch: &apos;amd64&apos;, os.version: &apos;10.0&apos;, java.version: &apos;19.0.1&apos;
Driver info: org.openqa.selenium.chrome.ChromeDriver
Capabilities {acceptInsecureCerts: false, browserName: chrome, browserVersion: 132.0.6834.160, chrome: {chromedriverVersion: 132.0.6834.159 (2d77d3fc445..., userDataDir: C:\Users\ASZ\AppData\Local\...}, fedcm:accounts: true, goog:chromeOptions: {debuggerAddress: localhost:62889}, javascriptEnabled: true, networkConnectionEnabled: false, pageLoadStrategy: normal, platform: WINDOWS, platformName: WINDOWS, proxy: Proxy(), setWindowRect: true, strictFileInteractability: false, timeouts: {implicit: 0, pageLoad: 300000, script: 30000}, unhandledPromptBehavior: dismiss and notify, webauthn:extension:credBlob: true, webauthn:extension:largeBlob: true, webauthn:extension:minPinLength: true, webauthn:extension:prf: true, webauthn:virtualAuthenticators: true}
Session ID: b666d515132ea91ad9c99a668b23a82d
	at org.openqa.selenium.support.ui.WebDriverWait.timeoutException(WebDriverWait.java:95)
	at org.openqa.selenium.support.ui.FluentWait.until(FluentWait.java:272)
	at _01_Login.TC001_Verify_FB_Login.verifyEditRoleOnAssigneeListPage(TC001_Verify_FB_Login.java:54)
	at java.base/java.util.ArrayList.forEach(ArrayList.java:1511)
... Removed 25 stack frames</pre></div><a href='#' onClick='toggleBox("stack-trace2124562732", this, "Click to show all stack frames", "Click to hide stack frames")'>Click to show all stack frames</a>
<div class='stack-trace' id='stack-trace2124562732'><pre>org.openqa.selenium.TimeoutException: Expected condition failed: waiting for url to be &quot;https://www.facebook.com/?sk=welcome&quot;. Current url: &quot;https://www.facebook.com/two_step_verification/authentication/?encrypted_context=AWMHzq0Kxvmbd4NWqWowQvpDd_ycXno7rkkcb2vK3NwksgZi8Ry-NM9AwG4RiJ1F-VKXpQHrUG4S05bZrSlT1ozADf_ci-6KnUh7r0XGslaYOsjDKZHaLerM8Df0p0ff7ePN5PmqFS05WQnvUreRRlZ9GVlqm-a2sfMFwp4y74RQ9cJIqtGmXrFFkA2YjkcelQWBZ0clMWRPIugRiHilNDg6sTWejwMl-KudnvowE-pNQenJ-qDxc26hfUCsVKHnKXnm07oimHvAVL2QcKkcmf3KcQ0REPND32Iu062K3xUfgIp1NWMJ3c-LRqD_VJhxPq86YROI10498t6xyOwmky_MBdJdY3b1Zilibsn2aGEGOAd7zmzoiP9lI_sgRkqYLuqQEaUdxhEXEO9Cyp_OuK8yX8kqsBQuMtfM-mjZTyiqsydU8rYnswJmnDqXwxuT77uf18-UO7nqC2QKGFDtEay8QAyp5rw6sj4mdu-K1Qc_E6vQnVlJPjnhEse0Wnj4IJtAZzsJ8P737JvHqiTB7AEaDsjsQ7N_vtPQZrQqdljZ9_EkiDTY7tfBsOHRTrPGEaiDv28kuhlj6aEDlrM4gDBLC7nKN78sAC1ASZw2YNSSQiIdezszjaF4BmLCQtfscvhLHMYlS0OY-rSkc1exAwfGECpmkWOHukpVuOOziHibrwzkeu2NFbLBhLW2Hm9sm2VbnwphSCKoeJi--3G5xt38Sg&amp;flow=pre_authentication&amp;next&quot; (tried for 15 second(s) with 500 milliseconds interval)
Build info: version: &apos;3.141.59&apos;, revision: &apos;e82be7d358&apos;, time: &apos;2018-11-14T08:17:03&apos;
System info: host: &apos;DESKTOP-FHH7LA1&apos;, ip: &apos;192.168.1.9&apos;, os.name: &apos;Windows 10&apos;, os.arch: &apos;amd64&apos;, os.version: &apos;10.0&apos;, java.version: &apos;19.0.1&apos;
Driver info: org.openqa.selenium.chrome.ChromeDriver
Capabilities {acceptInsecureCerts: false, browserName: chrome, browserVersion: 132.0.6834.160, chrome: {chromedriverVersion: 132.0.6834.159 (2d77d3fc445..., userDataDir: C:\Users\ASZ\AppData\Local\...}, fedcm:accounts: true, goog:chromeOptions: {debuggerAddress: localhost:62889}, javascriptEnabled: true, networkConnectionEnabled: false, pageLoadStrategy: normal, platform: WINDOWS, platformName: WINDOWS, proxy: Proxy(), setWindowRect: true, strictFileInteractability: false, timeouts: {implicit: 0, pageLoad: 300000, script: 30000}, unhandledPromptBehavior: dismiss and notify, webauthn:extension:credBlob: true, webauthn:extension:largeBlob: true, webauthn:extension:minPinLength: true, webauthn:extension:prf: true, webauthn:virtualAuthenticators: true}
Session ID: b666d515132ea91ad9c99a668b23a82d
	at org.openqa.selenium.support.ui.WebDriverWait.timeoutException(WebDriverWait.java:95)
	at org.openqa.selenium.support.ui.FluentWait.until(FluentWait.java:272)
	at _01_Login.TC001_Verify_FB_Login.verifyEditRoleOnAssigneeListPage(TC001_Verify_FB_Login.java:54)
	at java.base/jdk.internal.reflect.DirectMethodHandleAccessor.invoke(DirectMethodHandleAccessor.java:104)
	at java.base/java.lang.reflect.Method.invoke(Method.java:578)
	at org.testng.internal.invokers.MethodInvocationHelper.invokeMethod(MethodInvocationHelper.java:141)
	at org.testng.internal.invokers.TestInvoker.invokeMethod(TestInvoker.java:686)
	at org.testng.internal.invokers.TestInvoker.invokeTestMethod(TestInvoker.java:230)
	at org.testng.internal.invokers.MethodRunner.runInSequence(MethodRunner.java:63)
	at org.testng.internal.invokers.TestInvoker$MethodInvocationAgent.invoke(TestInvoker.java:992)
	at org.testng.internal.invokers.TestInvoker.invokeTestMethods(TestInvoker.java:203)
	at org.testng.internal.invokers.TestMethodWorker.invokeTestMethods(TestMethodWorker.java:154)
	at org.testng.internal.invokers.TestMethodWorker.run(TestMethodWorker.java:134)
	at java.base/java.util.ArrayList.forEach(ArrayList.java:1511)
	at org.testng.TestRunner.privateRun(TestRunner.java:739)
	at org.testng.TestRunner.run(TestRunner.java:614)
	at org.testng.SuiteRunner.runTest(SuiteRunner.java:421)
	at org.testng.SuiteRunner.runSequentially(SuiteRunner.java:413)
	at org.testng.SuiteRunner.privateRun(SuiteRunner.java:373)
	at org.testng.SuiteRunner.run(SuiteRunner.java:312)
	at org.testng.SuiteRunnerWorker.runSuite(SuiteRunnerWorker.java:52)
	at org.testng.SuiteRunnerWorker.run(SuiteRunnerWorker.java:95)
	at org.testng.TestNG.runSuitesSequentially(TestNG.java:1274)
	at org.testng.TestNG.runSuitesLocally(TestNG.java:1208)
	at org.testng.TestNG.runSuites(TestNG.java:1112)
	at org.testng.TestNG.run(TestNG.java:1079)
	at org.testng.remote.AbstractRemoteTestNG.run(AbstractRemoteTestNG.java:115)
	at org.testng.remote.RemoteTestNG.initAndRun(RemoteTestNG.java:293)
	at org.testng.remote.RemoteTestNG.main(RemoteTestNG.java:91)
</pre></div></td>
<td>15</td>
<td>_01_Login.TC001_Verify_FB_Login@588ffeb</td></tr>
</table><p>
</body>
</html>