<?xml version="1.0" encoding="UTF-8"?>
<testng-results ignored="0" total="1" passed="0" failed="1" skipped="0">
  <reporter-output>
  </reporter-output>
  <suite started-at="2025-02-09T00:33:17 IST" name="Default suite" finished-at="2025-02-09T00:33:49 IST" duration-ms="31566">
    <groups>
    </groups>
    <test started-at="2025-02-09T00:33:17 IST" name="Default test" finished-at="2025-02-09T00:33:49 IST" duration-ms="31566">
      <class name="_01_Login.TC001_Verify_FB_Login">
        <test-method is-config="true" signature="setExtent()[pri:0, instance:_01_Login.TC001_Verify_FB_Login@25d958c6]" started-at="2025-02-09T00:33:17 IST" name="setExtent" finished-at="2025-02-09T00:33:18 IST" duration-ms="179" status="PASS">
          <reporter-output>
          </reporter-output>
        </test-method> <!-- setExtent -->
        <test-method is-config="true" signature="browserlaunch(java.lang.String)[pri:0, instance:_01_Login.TC001_Verify_FB_Login@25d958c6]" started-at="2025-02-09T00:33:18 IST" name="browserlaunch" finished-at="2025-02-09T00:33:26 IST" duration-ms="8505" status="PASS">
          <params>
            <param index="0">
              <value>
                <![CDATA[chrome]]>
              </value>
            </param>
          </params>
          <reporter-output>
          </reporter-output>
        </test-method> <!-- browserlaunch -->
        <test-method signature="verifyEditRoleOnAssigneeListPage()[pri:0, instance:_01_Login.TC001_Verify_FB_Login@25d958c6]" started-at="2025-02-09T00:33:26 IST" name="verifyEditRoleOnAssigneeListPage" finished-at="2025-02-09T00:33:42 IST" duration-ms="15928" status="FAIL">
          <exception class="org.openqa.selenium.TimeoutException">
            <message>
              <![CDATA[Expected condition failed: waiting for url to be "https://www.facebook.com/?sk=welcome". Current url: "https://www.facebook.com/two_step_verification/authentication/?encrypted_context=AWN_MaZ0uwMLUOxwc0-ZnuzNmLDkHqwlqSLQ213oXWCCokO6jS6-isY3_FKJQZgXTn3_RkGf8bTm-M0Kjg5Taf3WDjAbOoe8Wo2RpUyWPuBIKSJAvhqEcMYoNysGzGEn9bpMD4HtImwgsjRBEScPkNIh4vUdTGOqPkqkbgMDrRJk2sli0TYil_nyyrLvozMQ6LEWzqZmBG2FCA1sXZbGyRkpjph4bL070bJd1mWuXcDESjHe0ra4Rz6BG2nFT7V6O3lJyiMXrOWtZWB3phyEaBpkJy7EG6omQ3HiR53mjHv0F76IzIMEGJWvIpOOyn8jC4otuX7kERvz5UTFS6Ii_3URRk7gmjiPbrMXq00D_oUplioXd7eTLLYIh7TUbKiqmu-lL9cMb-AE7oAs33gikYQ_AMPNx5cIWFhN51auXRjKSOvJQOj57Dq36NEvjiEexKu8QHRr4e_iJSwcPw_faMvx1hNGfwfGSIGJmNJKZ26CQw1O0biGnPWyK7CQnp0EGk9vYNcRcvwlRtkZV5Ry9clre8BnSff2jAw7zIvI5LEaAruYtQlqMASg3DkVjamtWinu1P3veYr9CEYP0Oug8Of1w3aJjxZeHYv8O1oaqsdzJ7BsLu_aBRq3cai6kKUG7mJPmP-v4U55maVc28Cuxrlcov2a_bnIS9Dm9j_foK7tbK0ngGeIXvbVxln1NA_5EL3Zx7mltl8wN9ZWs5MEzuFe4_ljiA&flow=pre_authentication&next" (tried for 15 second(s) with 500 milliseconds interval)
Build info: version: '3.141.59', revision: 'e82be7d358', time: '2018-11-14T08:17:03'
System info: host: 'DESKTOP-FHH7LA1', ip: '192.168.1.9', os.name: 'Windows 10', os.arch: 'amd64', os.version: '10.0', java.version: '19.0.1'
Driver info: org.openqa.selenium.chrome.ChromeDriver
Capabilities {acceptInsecureCerts: false, browserName: chrome, browserVersion: 132.0.6834.160, chrome: {chromedriverVersion: 132.0.6834.159 (2d77d3fc445..., userDataDir: C:\Users\ASZ\AppData\Local\...}, fedcm:accounts: true, goog:chromeOptions: {debuggerAddress: localhost:62940}, javascriptEnabled: true, networkConnectionEnabled: false, pageLoadStrategy: normal, platform: WINDOWS, platformName: WINDOWS, proxy: Proxy(), setWindowRect: true, strictFileInteractability: false, timeouts: {implicit: 0, pageLoad: 300000, script: 30000}, unhandledPromptBehavior: dismiss and notify, webauthn:extension:credBlob: true, webauthn:extension:largeBlob: true, webauthn:extension:minPinLength: true, webauthn:extension:prf: true, webauthn:virtualAuthenticators: true}
Session ID: 47d2efc02b4235140d32bcfefa5f67bb]]>
            </message>
            <full-stacktrace>
              <![CDATA[org.openqa.selenium.TimeoutException: Expected condition failed: waiting for url to be "https://www.facebook.com/?sk=welcome". Current url: "https://www.facebook.com/two_step_verification/authentication/?encrypted_context=AWN_MaZ0uwMLUOxwc0-ZnuzNmLDkHqwlqSLQ213oXWCCokO6jS6-isY3_FKJQZgXTn3_RkGf8bTm-M0Kjg5Taf3WDjAbOoe8Wo2RpUyWPuBIKSJAvhqEcMYoNysGzGEn9bpMD4HtImwgsjRBEScPkNIh4vUdTGOqPkqkbgMDrRJk2sli0TYil_nyyrLvozMQ6LEWzqZmBG2FCA1sXZbGyRkpjph4bL070bJd1mWuXcDESjHe0ra4Rz6BG2nFT7V6O3lJyiMXrOWtZWB3phyEaBpkJy7EG6omQ3HiR53mjHv0F76IzIMEGJWvIpOOyn8jC4otuX7kERvz5UTFS6Ii_3URRk7gmjiPbrMXq00D_oUplioXd7eTLLYIh7TUbKiqmu-lL9cMb-AE7oAs33gikYQ_AMPNx5cIWFhN51auXRjKSOvJQOj57Dq36NEvjiEexKu8QHRr4e_iJSwcPw_faMvx1hNGfwfGSIGJmNJKZ26CQw1O0biGnPWyK7CQnp0EGk9vYNcRcvwlRtkZV5Ry9clre8BnSff2jAw7zIvI5LEaAruYtQlqMASg3DkVjamtWinu1P3veYr9CEYP0Oug8Of1w3aJjxZeHYv8O1oaqsdzJ7BsLu_aBRq3cai6kKUG7mJPmP-v4U55maVc28Cuxrlcov2a_bnIS9Dm9j_foK7tbK0ngGeIXvbVxln1NA_5EL3Zx7mltl8wN9ZWs5MEzuFe4_ljiA&flow=pre_authentication&next" (tried for 15 second(s) with 500 milliseconds interval)
Build info: version: '3.141.59', revision: 'e82be7d358', time: '2018-11-14T08:17:03'
System info: host: 'DESKTOP-FHH7LA1', ip: '192.168.1.9', os.name: 'Windows 10', os.arch: 'amd64', os.version: '10.0', java.version: '19.0.1'
Driver info: org.openqa.selenium.chrome.ChromeDriver
Capabilities {acceptInsecureCerts: false, browserName: chrome, browserVersion: 132.0.6834.160, chrome: {chromedriverVersion: 132.0.6834.159 (2d77d3fc445..., userDataDir: C:\Users\ASZ\AppData\Local\...}, fedcm:accounts: true, goog:chromeOptions: {debuggerAddress: localhost:62940}, javascriptEnabled: true, networkConnectionEnabled: false, pageLoadStrategy: normal, platform: WINDOWS, platformName: WINDOWS, proxy: Proxy(), setWindowRect: true, strictFileInteractability: false, timeouts: {implicit: 0, pageLoad: 300000, script: 30000}, unhandledPromptBehavior: dismiss and notify, webauthn:extension:credBlob: true, webauthn:extension:largeBlob: true, webauthn:extension:minPinLength: true, webauthn:extension:prf: true, webauthn:virtualAuthenticators: true}
Session ID: 47d2efc02b4235140d32bcfefa5f67bb
at org.openqa.selenium.support.ui.WebDriverWait.timeoutException(WebDriverWait.java:95)
at org.openqa.selenium.support.ui.FluentWait.until(FluentWait.java:272)
at _01_Login.TC001_Verify_FB_Login.verifyEditRoleOnAssigneeListPage(TC001_Verify_FB_Login.java:54)
at java.base/jdk.internal.reflect.DirectMethodHandleAccessor.invoke(DirectMethodHandleAccessor.java:104)
at java.base/java.lang.reflect.Method.invoke(Method.java:578)
at org.testng.internal.invokers.MethodInvocationHelper.invokeMethod(MethodInvocationHelper.java:141)
at org.testng.internal.invokers.TestInvoker.invokeMethod(TestInvoker.java:686)
at org.testng.internal.invokers.TestInvoker.invokeTestMethod(TestInvoker.java:230)
at org.testng.internal.invokers.MethodRunner.runInSequence(MethodRunner.java:63)
at org.testng.internal.invokers.TestInvoker$MethodInvocationAgent.invoke(TestInvoker.java:992)
at org.testng.internal.invokers.TestInvoker.invokeTestMethods(TestInvoker.java:203)
at org.testng.internal.invokers.TestMethodWorker.invokeTestMethods(TestMethodWorker.java:154)
at org.testng.internal.invokers.TestMethodWorker.run(TestMethodWorker.java:134)
at java.base/java.util.ArrayList.forEach(ArrayList.java:1511)
at org.testng.TestRunner.privateRun(TestRunner.java:739)
at org.testng.TestRunner.run(TestRunner.java:614)
at org.testng.SuiteRunner.runTest(SuiteRunner.java:421)
at org.testng.SuiteRunner.runSequentially(SuiteRunner.java:413)
at org.testng.SuiteRunner.privateRun(SuiteRunner.java:373)
at org.testng.SuiteRunner.run(SuiteRunner.java:312)
at org.testng.SuiteRunnerWorker.runSuite(SuiteRunnerWorker.java:52)
at org.testng.SuiteRunnerWorker.run(SuiteRunnerWorker.java:95)
at org.testng.TestNG.runSuitesSequentially(TestNG.java:1274)
at org.testng.TestNG.runSuitesLocally(TestNG.java:1208)
at org.testng.TestNG.runSuites(TestNG.java:1112)
at org.testng.TestNG.run(TestNG.java:1079)
at org.testng.remote.AbstractRemoteTestNG.run(AbstractRemoteTestNG.java:115)
at org.testng.remote.RemoteTestNG.initAndRun(RemoteTestNG.java:293)
at org.testng.remote.RemoteTestNG.main(RemoteTestNG.java:91)
]]>
            </full-stacktrace>
          </exception> <!-- org.openqa.selenium.TimeoutException -->
          <reporter-output>
          </reporter-output>
        </test-method> <!-- verifyEditRoleOnAssigneeListPage -->
        <test-method is-config="true" signature="browserclose(org.testng.ITestResult)[pri:0, instance:_01_Login.TC001_Verify_FB_Login@25d958c6]" started-at="2025-02-09T00:33:42 IST" name="browserclose" finished-at="2025-02-09T00:33:49 IST" duration-ms="6509" status="PASS">
          <params>
            <param index="0">
              <value>
                <![CDATA[[TestResult name=verifyEditRoleOnAssigneeListPage status=FAILURE method=TC001_Verify_FB_Login.verifyEditRoleOnAssigneeListPage()[pri:0, instance:_01_Login.TC001_Verify_FB_Login@25d958c6] output={null}]]]>
              </value>
            </param>
          </params>
          <reporter-output>
          </reporter-output>
        </test-method> <!-- browserclose -->
        <test-method is-config="true" signature="teardown()[pri:0, instance:_01_Login.TC001_Verify_FB_Login@25d958c6]" started-at="2025-02-09T00:33:49 IST" name="teardown" finished-at="2025-02-09T00:33:49 IST" duration-ms="377" status="PASS">
          <reporter-output>
          </reporter-output>
        </test-method> <!-- teardown -->
      </class> <!-- _01_Login.TC001_Verify_FB_Login -->
    </test> <!-- Default test -->
  </suite> <!-- Default suite -->
</testng-results>
